{"C:\\Users\\Nour Abosaif\\OneDrive\\Desktop\\Frontend-Rythmify\\frontend\\src\\services\\auth.service.ts": {"path":"C:\\Users\\Nour Abosaif\\OneDrive\\Desktop\\Frontend-Rythmify\\frontend\\src\\services\\auth.service.ts","statementMap":{"0":{"start":{"line":48,"column":2},"end":{"line":48,"column":null}},"1":{"start":{"line":52,"column":2},"end":{"line":52,"column":null}},"2":{"start":{"line":59,"column":14},"end":{"line":62,"column":null}},"3":{"start":{"line":63,"column":2},"end":{"line":63,"column":null}},"4":{"start":{"line":68,"column":14},"end":{"line":71,"column":null}},"5":{"start":{"line":72,"column":2},"end":{"line":72,"column":null}},"6":{"start":{"line":73,"column":2},"end":{"line":73,"column":null}},"7":{"start":{"line":78,"column":14},"end":{"line":81,"column":null}},"8":{"start":{"line":82,"column":2},"end":{"line":82,"column":null}},"9":{"start":{"line":87,"column":14},"end":{"line":90,"column":null}},"10":{"start":{"line":91,"column":2},"end":{"line":91,"column":null}},"11":{"start":{"line":92,"column":2},"end":{"line":92,"column":null}},"12":{"start":{"line":97,"column":2},"end":{"line":105,"column":null}},"13":{"start":{"line":98,"column":16},"end":{"line":101,"column":null}},"14":{"start":{"line":102,"column":4},"end":{"line":102,"column":null}},"15":{"start":{"line":104,"column":4},"end":{"line":104,"column":null}},"16":{"start":{"line":110,"column":14},"end":{"line":113,"column":null}},"17":{"start":{"line":114,"column":2},"end":{"line":114,"column":null}},"18":{"start":{"line":115,"column":2},"end":{"line":115,"column":null}},"19":{"start":{"line":120,"column":14},"end":{"line":123,"column":null}},"20":{"start":{"line":124,"column":2},"end":{"line":124,"column":null}},"21":{"start":{"line":129,"column":14},"end":{"line":132,"column":null}},"22":{"start":{"line":133,"column":2},"end":{"line":133,"column":null}},"23":{"start":{"line":138,"column":14},"end":{"line":141,"column":null}},"24":{"start":{"line":142,"column":2},"end":{"line":142,"column":null}},"25":{"start":{"line":147,"column":14},"end":{"line":150,"column":null}},"26":{"start":{"line":151,"column":2},"end":{"line":151,"column":null}},"27":{"start":{"line":152,"column":2},"end":{"line":152,"column":null}},"28":{"start":{"line":159,"column":14},"end":{"line":162,"column":null}},"29":{"start":{"line":163,"column":2},"end":{"line":163,"column":null}},"30":{"start":{"line":171,"column":2},"end":{"line":180,"column":null}},"31":{"start":{"line":172,"column":16},"end":{"line":175,"column":null}},"32":{"start":{"line":176,"column":4},"end":{"line":176,"column":null}},"33":{"start":{"line":179,"column":4},"end":{"line":179,"column":null}}},"fnMap":{"0":{"name":"saveToken","decl":{"start":{"line":47,"column":9},"end":{"line":47,"column":19}},"loc":{"start":{"line":47,"column":34},"end":{"line":49,"column":null}},"line":47},"1":{"name":"clearToken","decl":{"start":{"line":51,"column":9},"end":{"line":51,"column":22}},"loc":{"start":{"line":51,"column":22},"end":{"line":53,"column":null}},"line":51},"2":{"name":"register","decl":{"start":{"line":58,"column":22},"end":{"line":58,"column":31}},"loc":{"start":{"line":58,"column":57},"end":{"line":64,"column":null}},"line":58},"3":{"name":"verifyEmail","decl":{"start":{"line":67,"column":22},"end":{"line":67,"column":34}},"loc":{"start":{"line":67,"column":49},"end":{"line":74,"column":null}},"line":67},"4":{"name":"resendVerification","decl":{"start":{"line":77,"column":22},"end":{"line":77,"column":41}},"loc":{"start":{"line":77,"column":79},"end":{"line":83,"column":null}},"line":77},"5":{"name":"login","decl":{"start":{"line":86,"column":22},"end":{"line":86,"column":28}},"loc":{"start":{"line":86,"column":66},"end":{"line":93,"column":null}},"line":86},"6":{"name":"logout","decl":{"start":{"line":96,"column":22},"end":{"line":96,"column":31}},"loc":{"start":{"line":96,"column":31},"end":{"line":106,"column":null}},"line":96},"7":{"name":"refreshToken","decl":{"start":{"line":109,"column":22},"end":{"line":109,"column":37}},"loc":{"start":{"line":109,"column":37},"end":{"line":116,"column":null}},"line":109},"8":{"name":"forgotPassword","decl":{"start":{"line":119,"column":22},"end":{"line":119,"column":37}},"loc":{"start":{"line":119,"column":52},"end":{"line":125,"column":null}},"line":119},"9":{"name":"resetPassword","decl":{"start":{"line":128,"column":22},"end":{"line":128,"column":36}},"loc":{"start":{"line":128,"column":73},"end":{"line":134,"column":null}},"line":128},"10":{"name":"changeEmail","decl":{"start":{"line":137,"column":22},"end":{"line":137,"column":34}},"loc":{"start":{"line":137,"column":53},"end":{"line":143,"column":null}},"line":137},"11":{"name":"googleLogin","decl":{"start":{"line":146,"column":22},"end":{"line":146,"column":34}},"loc":{"start":{"line":146,"column":52},"end":{"line":153,"column":null}},"line":146},"12":{"name":"disconnectProvider","decl":{"start":{"line":156,"column":22},"end":{"line":156,"column":null}},"loc":{"start":{"line":158,"column":2},"end":{"line":164,"column":null}},"line":158},"13":{"name":"checkEmail","decl":{"start":{"line":170,"column":22},"end":{"line":170,"column":33}},"loc":{"start":{"line":170,"column":78},"end":{"line":181,"column":null}},"line":170}},"branchMap":{},"s":{"0":5,"1":2,"2":2,"3":1,"4":2,"5":1,"6":1,"7":2,"8":1,"9":3,"10":2,"11":2,"12":2,"13":2,"14":1,"15":2,"16":2,"17":1,"18":1,"19":2,"20":1,"21":2,"22":1,"23":2,"24":1,"25":2,"26":1,"27":1,"28":2,"29":1,"30":3,"31":3,"32":2,"33":1},"f":{"0":5,"1":2,"2":2,"3":2,"4":2,"5":3,"6":2,"7":2,"8":2,"9":2,"10":2,"11":2,"12":2,"13":3},"b":{},"meta":{"lastBranch":0,"lastFunction":14,"lastStatement":34,"seen":{"f:47:9:47:19":0,"s:48:2:48:Infinity":0,"f:51:9:51:22":1,"s:52:2:52:Infinity":1,"f:58:22:58:31":2,"s:59:14:62:Infinity":2,"s:63:2:63:Infinity":3,"f:67:22:67:34":3,"s:68:14:71:Infinity":4,"s:72:2:72:Infinity":5,"s:73:2:73:Infinity":6,"f:77:22:77:41":4,"s:78:14:81:Infinity":7,"s:82:2:82:Infinity":8,"f:86:22:86:28":5,"s:87:14:90:Infinity":9,"s:91:2:91:Infinity":10,"s:92:2:92:Infinity":11,"f:96:22:96:31":6,"s:97:2:105:Infinity":12,"s:98:16:101:Infinity":13,"s:102:4:102:Infinity":14,"s:104:4:104:Infinity":15,"f:109:22:109:37":7,"s:110:14:113:Infinity":16,"s:114:2:114:Infinity":17,"s:115:2:115:Infinity":18,"f:119:22:119:37":8,"s:120:14:123:Infinity":19,"s:124:2:124:Infinity":20,"f:128:22:128:36":9,"s:129:14:132:Infinity":21,"s:133:2:133:Infinity":22,"f:137:22:137:34":10,"s:138:14:141:Infinity":23,"s:142:2:142:Infinity":24,"f:146:22:146:34":11,"s:147:14:150:Infinity":25,"s:151:2:151:Infinity":26,"s:152:2:152:Infinity":27,"f:156:22:156:Infinity":12,"s:159:14:162:Infinity":28,"s:163:2:163:Infinity":29,"f:170:22:170:33":13,"s:171:2:180:Infinity":30,"s:172:16:175:Infinity":31,"s:176:4:176:Infinity":32,"s:179:4:179:Infinity":33}}}
,"C:\\Users\\Nour Abosaif\\OneDrive\\Desktop\\Frontend-Rythmify\\frontend\\src\\services\\api\\axiosInstance.ts": {"path":"C:\\Users\\Nour Abosaif\\OneDrive\\Desktop\\Frontend-Rythmify\\frontend\\src\\services\\api\\axiosInstance.ts","statementMap":{"0":{"start":{"line":3,"column":22},"end":{"line":9,"column":null}},"1":{"start":{"line":11,"column":0},"end":{"line":17,"column":null}},"2":{"start":{"line":12,"column":16},"end":{"line":12,"column":null}},"3":{"start":{"line":13,"column":2},"end":{"line":15,"column":null}},"4":{"start":{"line":14,"column":4},"end":{"line":14,"column":null}},"5":{"start":{"line":16,"column":2},"end":{"line":16,"column":null}}},"fnMap":{"0":{"name":"(anonymous_0)","decl":{"start":{"line":11,"column":39},"end":{"line":11,"column":40}},"loc":{"start":{"line":11,"column":51},"end":{"line":17,"column":1}},"line":11}},"branchMap":{"0":{"loc":{"start":{"line":13,"column":2},"end":{"line":15,"column":null}},"type":"if","locations":[{"start":{"line":13,"column":2},"end":{"line":15,"column":null}},{"start":{},"end":{}}],"line":13}},"s":{"0":1,"1":1,"2":26,"3":26,"4":2,"5":26},"f":{"0":26},"b":{"0":[2,24]},"meta":{"lastBranch":1,"lastFunction":1,"lastStatement":6,"seen":{"s:3:22:9:Infinity":0,"s:11:0:17:Infinity":1,"f:11:39:11:40":0,"s:12:16:12:Infinity":2,"b:13:2:15:Infinity:undefined:undefined:undefined:undefined":0,"s:13:2:15:Infinity":3,"s:14:4:14:Infinity":4,"s:16:2:16:Infinity":5}}}
,"C:\\Users\\Nour Abosaif\\OneDrive\\Desktop\\Frontend-Rythmify\\frontend\\src\\services\\mocks\\handlers\\authHandlers.ts": {"path":"C:\\Users\\Nour Abosaif\\OneDrive\\Desktop\\Frontend-Rythmify\\frontend\\src\\services\\mocks\\handlers\\authHandlers.ts","statementMap":{"0":{"start":{"line":6,"column":30},"end":{"line":13,"column":null}},"1":{"start":{"line":15,"column":48},"end":{"line":21,"column":null}},"2":{"start":{"line":23,"column":51},"end":{"line":32,"column":null}},"3":{"start":{"line":35,"column":24},"end":{"line":35,"column":null}},"4":{"start":{"line":39,"column":28},"end":{"line":160,"column":null}},"5":{"start":{"line":43,"column":17},"end":{"line":43,"column":null}},"6":{"start":{"line":44,"column":4},"end":{"line":56,"column":null}},"7":{"start":{"line":61,"column":4},"end":{"line":68,"column":null}},"8":{"start":{"line":73,"column":4},"end":{"line":76,"column":null}},"9":{"start":{"line":81,"column":17},"end":{"line":81,"column":null}},"10":{"start":{"line":82,"column":18},"end":{"line":82,"column":null}},"11":{"start":{"line":83,"column":4},"end":{"line":89,"column":null}},"12":{"start":{"line":94,"column":4},"end":{"line":97,"column":null}},"13":{"start":{"line":102,"column":4},"end":{"line":109,"column":null}},"14":{"start":{"line":114,"column":4},"end":{"line":116,"column":null}},"15":{"start":{"line":121,"column":4},"end":{"line":124,"column":null}},"16":{"start":{"line":129,"column":4},"end":{"line":132,"column":null}},"17":{"start":{"line":137,"column":4},"end":{"line":140,"column":null}},"18":{"start":{"line":145,"column":25},"end":{"line":145,"column":null}},"19":{"start":{"line":146,"column":4},"end":{"line":149,"column":null}},"20":{"start":{"line":154,"column":17},"end":{"line":154,"column":null}},"21":{"start":{"line":155,"column":10},"end":{"line":155,"column":null}},"22":{"start":{"line":156,"column":4},"end":{"line":158,"column":null}}},"fnMap":{"0":{"name":"(anonymous_0)","decl":{"start":{"line":42,"column":31},"end":{"line":42,"column":38}},"loc":{"start":{"line":42,"column":54},"end":{"line":57,"column":3}},"line":42},"1":{"name":"(anonymous_1)","decl":{"start":{"line":60,"column":35},"end":{"line":60,"column":41}},"loc":{"start":{"line":60,"column":41},"end":{"line":69,"column":3}},"line":60},"2":{"name":"(anonymous_2)","decl":{"start":{"line":72,"column":42},"end":{"line":72,"column":48}},"loc":{"start":{"line":72,"column":48},"end":{"line":77,"column":3}},"line":72},"3":{"name":"(anonymous_3)","decl":{"start":{"line":80,"column":28},"end":{"line":80,"column":35}},"loc":{"start":{"line":80,"column":51},"end":{"line":90,"column":3}},"line":80},"4":{"name":"(anonymous_4)","decl":{"start":{"line":93,"column":29},"end":{"line":93,"column":35}},"loc":{"start":{"line":93,"column":35},"end":{"line":98,"column":3}},"line":93},"5":{"name":"(anonymous_5)","decl":{"start":{"line":101,"column":30},"end":{"line":101,"column":36}},"loc":{"start":{"line":101,"column":36},"end":{"line":110,"column":3}},"line":101},"6":{"name":"(anonymous_6)","decl":{"start":{"line":113,"column":38},"end":{"line":113,"column":44}},"loc":{"start":{"line":113,"column":44},"end":{"line":117,"column":3}},"line":113},"7":{"name":"(anonymous_7)","decl":{"start":{"line":120,"column":37},"end":{"line":120,"column":43}},"loc":{"start":{"line":120,"column":43},"end":{"line":125,"column":3}},"line":120},"8":{"name":"(anonymous_8)","decl":{"start":{"line":128,"column":35},"end":{"line":128,"column":41}},"loc":{"start":{"line":128,"column":41},"end":{"line":133,"column":3}},"line":128},"9":{"name":"(anonymous_9)","decl":{"start":{"line":136,"column":29},"end":{"line":136,"column":35}},"loc":{"start":{"line":136,"column":35},"end":{"line":141,"column":3}},"line":136},"10":{"name":"(anonymous_10)","decl":{"start":{"line":144,"column":46},"end":{"line":144,"column":47}},"loc":{"start":{"line":144,"column":62},"end":{"line":150,"column":3}},"line":144},"11":{"name":"(anonymous_11)","decl":{"start":{"line":153,"column":34},"end":{"line":153,"column":41}},"loc":{"start":{"line":153,"column":57},"end":{"line":159,"column":3}},"line":153}},"branchMap":{"0":{"loc":{"start":{"line":48,"column":17},"end":{"line":48,"column":null}},"type":"binary-expr","locations":[{"start":{"line":48,"column":17},"end":{"line":48,"column":31}},{"start":{"line":48,"column":31},"end":{"line":48,"column":null}}],"line":48},"1":{"loc":{"start":{"line":49,"column":24},"end":{"line":49,"column":null}},"type":"binary-expr","locations":[{"start":{"line":49,"column":24},"end":{"line":49,"column":45}},{"start":{"line":49,"column":45},"end":{"line":49,"column":null}}],"line":49},"2":{"loc":{"start":{"line":50,"column":25},"end":{"line":50,"column":null}},"type":"binary-expr","locations":[{"start":{"line":50,"column":25},"end":{"line":50,"column":47}},{"start":{"line":50,"column":47},"end":{"line":50,"column":null}}],"line":50},"3":{"loc":{"start":{"line":51,"column":19},"end":{"line":51,"column":null}},"type":"binary-expr","locations":[{"start":{"line":51,"column":19},"end":{"line":51,"column":34}},{"start":{"line":51,"column":34},"end":{"line":51,"column":null}}],"line":51},"4":{"loc":{"start":{"line":82,"column":18},"end":{"line":82,"column":null}},"type":"binary-expr","locations":[{"start":{"line":82,"column":18},"end":{"line":82,"column":37}},{"start":{"line":82,"column":37},"end":{"line":82,"column":null}}],"line":82},"5":{"loc":{"start":{"line":155,"column":19},"end":{"line":155,"column":37}},"type":"binary-expr","locations":[{"start":{"line":155,"column":19},"end":{"line":155,"column":33}},{"start":{"line":155,"column":33},"end":{"line":155,"column":37}}],"line":155}},"s":{"0":1,"1":1,"2":1,"3":1,"4":1,"5":1,"6":1,"7":1,"8":1,"9":2,"10":2,"11":2,"12":1,"13":1,"14":1,"15":1,"16":1,"17":1,"18":1,"19":1,"20":2,"21":2,"22":2},"f":{"0":1,"1":1,"2":1,"3":2,"4":1,"5":1,"6":1,"7":1,"8":1,"9":1,"10":1,"11":2},"b":{"0":[1,0],"1":[1,0],"2":[1,0],"3":[1,0],"4":[2,0],"5":[2,0]},"meta":{"lastBranch":6,"lastFunction":12,"lastStatement":23,"seen":{"s:6:30:13:Infinity":0,"s:15:48:21:Infinity":1,"s:23:51:32:Infinity":2,"s:35:24:35:Infinity":3,"s:39:28:160:Infinity":4,"f:42:31:42:38":0,"s:43:17:43:Infinity":5,"s:44:4:56:Infinity":6,"b:48:17:48:31:48:31:48:Infinity":0,"b:49:24:49:45:49:45:49:Infinity":1,"b:50:25:50:47:50:47:50:Infinity":2,"b:51:19:51:34:51:34:51:Infinity":3,"f:60:35:60:41":1,"s:61:4:68:Infinity":7,"f:72:42:72:48":2,"s:73:4:76:Infinity":8,"f:80:28:80:35":3,"s:81:17:81:Infinity":9,"s:82:18:82:Infinity":10,"b:82:18:82:37:82:37:82:Infinity":4,"s:83:4:89:Infinity":11,"f:93:29:93:35":4,"s:94:4:97:Infinity":12,"f:101:30:101:36":5,"s:102:4:109:Infinity":13,"f:113:38:113:44":6,"s:114:4:116:Infinity":14,"f:120:37:120:43":7,"s:121:4:124:Infinity":15,"f:128:35:128:41":8,"s:129:4:132:Infinity":16,"f:136:29:136:35":9,"s:137:4:140:Infinity":17,"f:144:46:144:47":10,"s:145:25:145:Infinity":18,"s:146:4:149:Infinity":19,"f:153:34:153:41":11,"s:154:17:154:Infinity":20,"s:155:10:155:Infinity":21,"b:155:19:155:33:155:33:155:37":5,"s:156:4:158:Infinity":22}}}
}
